<?xml version="1.0" encoding="UTF-8"?>
<testng-results ignored="0" total="17" passed="15" failed="2" skipped="0">
  <reporter-output>
  </reporter-output>
  <suite started-at="2022-09-01T15:21:57 BDT" name="Default suite" finished-at="2022-09-01T15:23:46 BDT" duration-ms="109483">
    <groups>
    </groups>
    <test started-at="2022-09-01T15:21:57 BDT" name="Default test" finished-at="2022-09-01T15:23:46 BDT" duration-ms="109483">
      <class name="org.bd.bikroy.bikroyhome">
        <test-method is-config="true" signature="open()[pri:0, instance:org.bd.bikroy.bikroyhome@659499f1]" started-at="2022-09-01T15:21:52 BDT" name="open" finished-at="2022-09-01T15:21:57 BDT" duration-ms="4315" status="PASS">
          <reporter-output>
          </reporter-output>
        </test-method> <!-- open -->
        <test-method signature="openurl()[pri:0, instance:org.bd.bikroy.bikroyhome@659499f1]" started-at="2022-09-01T15:21:57 BDT" name="openurl" finished-at="2022-09-01T15:22:08 BDT" duration-ms="11075" status="PASS">
          <reporter-output>
          </reporter-output>
        </test-method> <!-- openurl -->
        <test-method signature="login()[pri:1, instance:org.bd.bikroy.bikroyhome@659499f1]" started-at="2022-09-01T15:22:08 BDT" name="login" finished-at="2022-09-01T15:22:13 BDT" duration-ms="5101" status="PASS">
          <reporter-output>
          </reporter-output>
        </test-method> <!-- login -->
        <test-method signature="loginemail()[pri:2, instance:org.bd.bikroy.bikroyhome@659499f1]" started-at="2022-09-01T15:22:13 BDT" name="loginemail" finished-at="2022-09-01T15:22:18 BDT" duration-ms="5063" status="PASS">
          <reporter-output>
          </reporter-output>
        </test-method> <!-- loginemail -->
        <test-method signature="loginnfo()[pri:3, instance:org.bd.bikroy.bikroyhome@659499f1]" started-at="2022-09-01T15:22:18 BDT" name="loginnfo" finished-at="2022-09-01T15:22:23 BDT" duration-ms="5190" status="PASS">
          <reporter-output>
          </reporter-output>
        </test-method> <!-- loginnfo -->
        <test-method signature="loginbutton()[pri:4, instance:org.bd.bikroy.bikroyhome@659499f1]" started-at="2022-09-01T15:22:23 BDT" name="loginbutton" finished-at="2022-09-01T15:22:28 BDT" duration-ms="5127" status="PASS">
          <reporter-output>
          </reporter-output>
        </test-method> <!-- loginbutton -->
        <test-method signature="locationbtn()[pri:5, instance:org.bd.bikroy.bikroyhome@659499f1]" started-at="2022-09-01T15:22:28 BDT" name="locationbtn" finished-at="2022-09-01T15:22:33 BDT" duration-ms="5098" status="PASS">
          <reporter-output>
          </reporter-output>
        </test-method> <!-- locationbtn -->
        <test-method signature="locationslct()[pri:6, instance:org.bd.bikroy.bikroyhome@659499f1]" started-at="2022-09-01T15:22:33 BDT" name="locationslct" finished-at="2022-09-01T15:22:39 BDT" duration-ms="5093" status="PASS">
          <reporter-output>
          </reporter-output>
        </test-method> <!-- locationslct -->
        <test-method signature="locationclose()[pri:7, instance:org.bd.bikroy.bikroyhome@659499f1]" started-at="2022-09-01T15:22:39 BDT" name="locationclose" finished-at="2022-09-01T15:22:42 BDT" duration-ms="3053" status="PASS">
          <reporter-output>
          </reporter-output>
        </test-method> <!-- locationclose -->
        <test-method signature="searchproduct()[pri:8, instance:org.bd.bikroy.bikroyhome@659499f1]" started-at="2022-09-01T15:22:42 BDT" name="searchproduct" finished-at="2022-09-01T15:22:47 BDT" duration-ms="5085" status="PASS">
          <reporter-output>
          </reporter-output>
        </test-method> <!-- searchproduct -->
        <test-method signature="searchbutton()[pri:9, instance:org.bd.bikroy.bikroyhome@659499f1]" started-at="2022-09-01T15:22:47 BDT" name="searchbutton" finished-at="2022-09-01T15:22:55 BDT" duration-ms="8460" status="PASS">
          <reporter-output>
          </reporter-output>
        </test-method> <!-- searchbutton -->
        <test-method signature="selectproduct()[pri:10, instance:org.bd.bikroy.bikroyhome@659499f1]" started-at="2022-09-01T15:22:55 BDT" name="selectproduct" finished-at="2022-09-01T15:23:02 BDT" duration-ms="6755" status="PASS">
          <reporter-output>
          </reporter-output>
        </test-method> <!-- selectproduct -->
        <test-method signature="Productview()[pri:11, instance:org.bd.bikroy.bikroyhome@659499f1]" started-at="2022-09-01T15:23:02 BDT" name="Productview" finished-at="2022-09-01T15:23:11 BDT" duration-ms="9156" status="PASS">
          <reporter-output>
          </reporter-output>
        </test-method> <!-- Productview -->
        <test-method signature="productslide()[pri:12, instance:org.bd.bikroy.bikroyhome@659499f1]" started-at="2022-09-01T15:23:11 BDT" name="productslide" finished-at="2022-09-01T15:23:35 BDT" duration-ms="24321" status="PASS">
          <reporter-output>
          </reporter-output>
        </test-method> <!-- productslide -->
        <test-method signature="productchat()[pri:13, instance:org.bd.bikroy.bikroyhome@659499f1]" started-at="2022-09-01T15:23:35 BDT" name="productchat" finished-at="2022-09-01T15:23:43 BDT" duration-ms="7769" status="PASS">
          <reporter-output>
          </reporter-output>
        </test-method> <!-- productchat -->
        <test-method signature="chatclose()[pri:14, instance:org.bd.bikroy.bikroyhome@659499f1]" started-at="2022-09-01T15:23:43 BDT" name="chatclose" finished-at="2022-09-01T15:23:46 BDT" duration-ms="3076" status="PASS">
          <reporter-output>
          </reporter-output>
        </test-method> <!-- chatclose -->
        <test-method signature="bikroyhomeurl()[pri:15, instance:org.bd.bikroy.bikroyhome@659499f1]" started-at="2022-09-01T15:23:46 BDT" name="bikroyhomeurl" finished-at="2022-09-01T15:23:46 BDT" duration-ms="16" status="FAIL">
          <exception class="org.openqa.selenium.NoSuchElementException">
            <message>
              <![CDATA[no such element: Unable to locate element: {"method":"css selector","selector":"body.bgwhite:nth-child(2) div.container--3Gaei.all nav.nav--1qSMY.background--2lR9B div.justify-content-space-between--bjSys.align-items-center--159cZ.flex-wrap-nowrap--3IpfJ.flex-direction-row--27fh1.flex--3fKk1 ul.nav-bar-list--201Xv:nth-child(1) li.ghana-web-logo--2b3y_ div.logo-container--3W5L5 > a.gtm-market-logo"}
  (Session info: MicrosoftEdge=104.0.1293.70)
For documentation on this error, please visit: https://selenium.dev/exceptions/#no_such_element
Build info: version: '4.4.0', revision: 'e5c75ed026a'
System info: host: 'DESKTOP-K3MHIRS', ip: '192.168.56.1', os.name: 'Windows 11', os.arch: 'amd64', os.version: '10.0', java.version: '17.0.3'
Driver info: org.openqa.selenium.edge.EdgeDriver
Command: [a89421e54191e520292170732d370a2b, findElement {using=css selector, value=body.bgwhite:nth-child(2) div.container--3Gaei.all nav.nav--1qSMY.background--2lR9B div.justify-content-space-between--bjSys.align-items-center--159cZ.flex-wrap-nowrap--3IpfJ.flex-direction-row--27fh1.flex--3fKk1 ul.nav-bar-list--201Xv:nth-child(1) li.ghana-web-logo--2b3y_ div.logo-container--3W5L5 > a.gtm-market-logo}]
Capabilities {acceptInsecureCerts: false, browserName: msedge, browserVersion: 104.0.1293.70, ms:edgeOptions: {debuggerAddress: localhost:50613}, msedge: {msedgedriverVersion: 104.0.1293.70 (6709c341bd06..., userDataDir: C:\Users\SABBIR~1\AppData\L...}, networkConnectionEnabled: false, pageLoadStrategy: normal, platformName: WINDOWS, proxy: Proxy(), se:cdp: ws://localhost:50613/devtoo..., se:cdpVersion: 104.0.1293.70, setWindowRect: true, strictFileInteractability: false, timeouts: {implicit: 0, pageLoad: 300000, script: 30000}, unhandledPromptBehavior: dismiss and notify, webauthn:extension:credBlob: true, webauthn:extension:largeBlob: true, webauthn:virtualAuthenticators: true}
Session ID: a89421e54191e520292170732d370a2b]]>
            </message>
            <full-stacktrace>
              <![CDATA[org.openqa.selenium.NoSuchElementException: no such element: Unable to locate element: {"method":"css selector","selector":"body.bgwhite:nth-child(2) div.container--3Gaei.all nav.nav--1qSMY.background--2lR9B div.justify-content-space-between--bjSys.align-items-center--159cZ.flex-wrap-nowrap--3IpfJ.flex-direction-row--27fh1.flex--3fKk1 ul.nav-bar-list--201Xv:nth-child(1) li.ghana-web-logo--2b3y_ div.logo-container--3W5L5 > a.gtm-market-logo"}
  (Session info: MicrosoftEdge=104.0.1293.70)
For documentation on this error, please visit: https://selenium.dev/exceptions/#no_such_element
Build info: version: '4.4.0', revision: 'e5c75ed026a'
System info: host: 'DESKTOP-K3MHIRS', ip: '192.168.56.1', os.name: 'Windows 11', os.arch: 'amd64', os.version: '10.0', java.version: '17.0.3'
Driver info: org.openqa.selenium.edge.EdgeDriver
Command: [a89421e54191e520292170732d370a2b, findElement {using=css selector, value=body.bgwhite:nth-child(2) div.container--3Gaei.all nav.nav--1qSMY.background--2lR9B div.justify-content-space-between--bjSys.align-items-center--159cZ.flex-wrap-nowrap--3IpfJ.flex-direction-row--27fh1.flex--3fKk1 ul.nav-bar-list--201Xv:nth-child(1) li.ghana-web-logo--2b3y_ div.logo-container--3W5L5 > a.gtm-market-logo}]
Capabilities {acceptInsecureCerts: false, browserName: msedge, browserVersion: 104.0.1293.70, ms:edgeOptions: {debuggerAddress: localhost:50613}, msedge: {msedgedriverVersion: 104.0.1293.70 (6709c341bd06..., userDataDir: C:\Users\SABBIR~1\AppData\L...}, networkConnectionEnabled: false, pageLoadStrategy: normal, platformName: WINDOWS, proxy: Proxy(), se:cdp: ws://localhost:50613/devtoo..., se:cdpVersion: 104.0.1293.70, setWindowRect: true, strictFileInteractability: false, timeouts: {implicit: 0, pageLoad: 300000, script: 30000}, unhandledPromptBehavior: dismiss and notify, webauthn:extension:credBlob: true, webauthn:extension:largeBlob: true, webauthn:virtualAuthenticators: true}
Session ID: a89421e54191e520292170732d370a2b
at java.base/jdk.internal.reflect.NativeConstructorAccessorImpl.newInstance0(Native Method)
at java.base/jdk.internal.reflect.NativeConstructorAccessorImpl.newInstance(NativeConstructorAccessorImpl.java:77)
at java.base/jdk.internal.reflect.DelegatingConstructorAccessorImpl.newInstance(DelegatingConstructorAccessorImpl.java:45)
at java.base/java.lang.reflect.Constructor.newInstanceWithCaller(Constructor.java:499)
at java.base/java.lang.reflect.Constructor.newInstance(Constructor.java:480)
at org.openqa.selenium.remote.codec.w3c.W3CHttpResponseCodec.createException(W3CHttpResponseCodec.java:200)
at org.openqa.selenium.remote.codec.w3c.W3CHttpResponseCodec.decode(W3CHttpResponseCodec.java:133)
at org.openqa.selenium.remote.codec.w3c.W3CHttpResponseCodec.decode(W3CHttpResponseCodec.java:53)
at org.openqa.selenium.remote.HttpCommandExecutor.execute(HttpCommandExecutor.java:184)
at org.openqa.selenium.remote.service.DriverCommandExecutor.invokeExecute(DriverCommandExecutor.java:167)
at org.openqa.selenium.remote.service.DriverCommandExecutor.execute(DriverCommandExecutor.java:142)
at org.openqa.selenium.remote.RemoteWebDriver.execute(RemoteWebDriver.java:547)
at org.openqa.selenium.remote.ElementLocation$ElementFinder$2.findElement(ElementLocation.java:162)
at org.openqa.selenium.remote.ElementLocation.findElement(ElementLocation.java:60)
at org.openqa.selenium.remote.RemoteWebDriver.findElement(RemoteWebDriver.java:365)
at org.openqa.selenium.remote.RemoteWebDriver.findElement(RemoteWebDriver.java:357)
at org.bd.bikroy.bikroyhome.bikroyhomeurl(bikroyhome.java:190)
at java.base/jdk.internal.reflect.NativeMethodAccessorImpl.invoke0(Native Method)
at java.base/jdk.internal.reflect.NativeMethodAccessorImpl.invoke(NativeMethodAccessorImpl.java:77)
at java.base/jdk.internal.reflect.DelegatingMethodAccessorImpl.invoke(DelegatingMethodAccessorImpl.java:43)
at java.base/java.lang.reflect.Method.invoke(Method.java:568)
at org.testng.internal.MethodInvocationHelper.invokeMethod(MethodInvocationHelper.java:133)
at org.testng.internal.TestInvoker.invokeMethod(TestInvoker.java:598)
at org.testng.internal.TestInvoker.invokeTestMethod(TestInvoker.java:173)
at org.testng.internal.MethodRunner.runInSequence(MethodRunner.java:46)
at org.testng.internal.TestInvoker$MethodInvocationAgent.invoke(TestInvoker.java:824)
at org.testng.internal.TestInvoker.invokeTestMethods(TestInvoker.java:146)
at org.testng.internal.TestMethodWorker.invokeTestMethods(TestMethodWorker.java:146)
at org.testng.internal.TestMethodWorker.run(TestMethodWorker.java:128)
at java.base/java.util.ArrayList.forEach(ArrayList.java:1511)
at org.testng.TestRunner.privateRun(TestRunner.java:794)
at org.testng.TestRunner.run(TestRunner.java:596)
at org.testng.SuiteRunner.runTest(SuiteRunner.java:377)
at org.testng.SuiteRunner.runSequentially(SuiteRunner.java:371)
at org.testng.SuiteRunner.privateRun(SuiteRunner.java:332)
at org.testng.SuiteRunner.run(SuiteRunner.java:276)
at org.testng.SuiteRunnerWorker.runSuite(SuiteRunnerWorker.java:53)
at org.testng.SuiteRunnerWorker.run(SuiteRunnerWorker.java:96)
at org.testng.TestNG.runSuitesSequentially(TestNG.java:1212)
at org.testng.TestNG.runSuitesLocally(TestNG.java:1134)
at org.testng.TestNG.runSuites(TestNG.java:1063)
at org.testng.TestNG.run(TestNG.java:1031)
at org.testng.remote.AbstractRemoteTestNG.run(AbstractRemoteTestNG.java:115)
at org.testng.remote.RemoteTestNG.initAndRun(RemoteTestNG.java:251)
at org.testng.remote.RemoteTestNG.main(RemoteTestNG.java:77)
]]>
            </full-stacktrace>
          </exception> <!-- org.openqa.selenium.NoSuchElementException -->
          <reporter-output>
          </reporter-output>
        </test-method> <!-- bikroyhomeurl -->
        <test-method signature="Mobile()[pri:16, instance:org.bd.bikroy.bikroyhome@659499f1]" started-at="2022-09-01T15:23:46 BDT" name="Mobile" finished-at="2022-09-01T15:23:46 BDT" duration-ms="16" status="FAIL">
          <exception class="org.openqa.selenium.NoSuchElementException">
            <message>
              <![CDATA[no such element: Unable to locate element: {"method":"css selector","selector":"body.bgwhite:nth-child(2) div.top-container--12FJu.all.justify-content-flex-start--1Xozy.align-items-normal--vaTgD.flex-wrap-nowrap--3IpfJ.flex-direction-column--3aExp.flex--3fKk1 div.desktop-max-width-container--3xntY.main-content-area--o-zsx.skeleton-content--2JN5q:nth-child(3) div.section--3qPXi.category-container--1RreD:nth-child(3) ul.category-list--2oS_W.right--WcHqY.left--2ndlm.hide-native-scrollbar--Nj_rv li.category-item--1h1A1:nth-child(1) a.link--1t8hM.gtm-home-category-link-click div.info--uF0qH > p.info-title--3CkVD"}
  (Session info: MicrosoftEdge=104.0.1293.70)
For documentation on this error, please visit: https://selenium.dev/exceptions/#no_such_element
Build info: version: '4.4.0', revision: 'e5c75ed026a'
System info: host: 'DESKTOP-K3MHIRS', ip: '192.168.56.1', os.name: 'Windows 11', os.arch: 'amd64', os.version: '10.0', java.version: '17.0.3'
Driver info: org.openqa.selenium.edge.EdgeDriver
Command: [a89421e54191e520292170732d370a2b, findElement {using=css selector, value=body.bgwhite:nth-child(2) div.top-container--12FJu.all.justify-content-flex-start--1Xozy.align-items-normal--vaTgD.flex-wrap-nowrap--3IpfJ.flex-direction-column--3aExp.flex--3fKk1 div.desktop-max-width-container--3xntY.main-content-area--o-zsx.skeleton-content--2JN5q:nth-child(3) div.section--3qPXi.category-container--1RreD:nth-child(3) ul.category-list--2oS_W.right--WcHqY.left--2ndlm.hide-native-scrollbar--Nj_rv li.category-item--1h1A1:nth-child(1) a.link--1t8hM.gtm-home-category-link-click div.info--uF0qH > p.info-title--3CkVD}]
Capabilities {acceptInsecureCerts: false, browserName: msedge, browserVersion: 104.0.1293.70, ms:edgeOptions: {debuggerAddress: localhost:50613}, msedge: {msedgedriverVersion: 104.0.1293.70 (6709c341bd06..., userDataDir: C:\Users\SABBIR~1\AppData\L...}, networkConnectionEnabled: false, pageLoadStrategy: normal, platformName: WINDOWS, proxy: Proxy(), se:cdp: ws://localhost:50613/devtoo..., se:cdpVersion: 104.0.1293.70, setWindowRect: true, strictFileInteractability: false, timeouts: {implicit: 0, pageLoad: 300000, script: 30000}, unhandledPromptBehavior: dismiss and notify, webauthn:extension:credBlob: true, webauthn:extension:largeBlob: true, webauthn:virtualAuthenticators: true}
Session ID: a89421e54191e520292170732d370a2b]]>
            </message>
            <full-stacktrace>
              <![CDATA[org.openqa.selenium.NoSuchElementException: no such element: Unable to locate element: {"method":"css selector","selector":"body.bgwhite:nth-child(2) div.top-container--12FJu.all.justify-content-flex-start--1Xozy.align-items-normal--vaTgD.flex-wrap-nowrap--3IpfJ.flex-direction-column--3aExp.flex--3fKk1 div.desktop-max-width-container--3xntY.main-content-area--o-zsx.skeleton-content--2JN5q:nth-child(3) div.section--3qPXi.category-container--1RreD:nth-child(3) ul.category-list--2oS_W.right--WcHqY.left--2ndlm.hide-native-scrollbar--Nj_rv li.category-item--1h1A1:nth-child(1) a.link--1t8hM.gtm-home-category-link-click div.info--uF0qH > p.info-title--3CkVD"}
  (Session info: MicrosoftEdge=104.0.1293.70)
For documentation on this error, please visit: https://selenium.dev/exceptions/#no_such_element
Build info: version: '4.4.0', revision: 'e5c75ed026a'
System info: host: 'DESKTOP-K3MHIRS', ip: '192.168.56.1', os.name: 'Windows 11', os.arch: 'amd64', os.version: '10.0', java.version: '17.0.3'
Driver info: org.openqa.selenium.edge.EdgeDriver
Command: [a89421e54191e520292170732d370a2b, findElement {using=css selector, value=body.bgwhite:nth-child(2) div.top-container--12FJu.all.justify-content-flex-start--1Xozy.align-items-normal--vaTgD.flex-wrap-nowrap--3IpfJ.flex-direction-column--3aExp.flex--3fKk1 div.desktop-max-width-container--3xntY.main-content-area--o-zsx.skeleton-content--2JN5q:nth-child(3) div.section--3qPXi.category-container--1RreD:nth-child(3) ul.category-list--2oS_W.right--WcHqY.left--2ndlm.hide-native-scrollbar--Nj_rv li.category-item--1h1A1:nth-child(1) a.link--1t8hM.gtm-home-category-link-click div.info--uF0qH > p.info-title--3CkVD}]
Capabilities {acceptInsecureCerts: false, browserName: msedge, browserVersion: 104.0.1293.70, ms:edgeOptions: {debuggerAddress: localhost:50613}, msedge: {msedgedriverVersion: 104.0.1293.70 (6709c341bd06..., userDataDir: C:\Users\SABBIR~1\AppData\L...}, networkConnectionEnabled: false, pageLoadStrategy: normal, platformName: WINDOWS, proxy: Proxy(), se:cdp: ws://localhost:50613/devtoo..., se:cdpVersion: 104.0.1293.70, setWindowRect: true, strictFileInteractability: false, timeouts: {implicit: 0, pageLoad: 300000, script: 30000}, unhandledPromptBehavior: dismiss and notify, webauthn:extension:credBlob: true, webauthn:extension:largeBlob: true, webauthn:virtualAuthenticators: true}
Session ID: a89421e54191e520292170732d370a2b
at java.base/jdk.internal.reflect.NativeConstructorAccessorImpl.newInstance0(Native Method)
at java.base/jdk.internal.reflect.NativeConstructorAccessorImpl.newInstance(NativeConstructorAccessorImpl.java:77)
at java.base/jdk.internal.reflect.DelegatingConstructorAccessorImpl.newInstance(DelegatingConstructorAccessorImpl.java:45)
at java.base/java.lang.reflect.Constructor.newInstanceWithCaller(Constructor.java:499)
at java.base/java.lang.reflect.Constructor.newInstance(Constructor.java:480)
at org.openqa.selenium.remote.codec.w3c.W3CHttpResponseCodec.createException(W3CHttpResponseCodec.java:200)
at org.openqa.selenium.remote.codec.w3c.W3CHttpResponseCodec.decode(W3CHttpResponseCodec.java:133)
at org.openqa.selenium.remote.codec.w3c.W3CHttpResponseCodec.decode(W3CHttpResponseCodec.java:53)
at org.openqa.selenium.remote.HttpCommandExecutor.execute(HttpCommandExecutor.java:184)
at org.openqa.selenium.remote.service.DriverCommandExecutor.invokeExecute(DriverCommandExecutor.java:167)
at org.openqa.selenium.remote.service.DriverCommandExecutor.execute(DriverCommandExecutor.java:142)
at org.openqa.selenium.remote.RemoteWebDriver.execute(RemoteWebDriver.java:547)
at org.openqa.selenium.remote.ElementLocation$ElementFinder$2.findElement(ElementLocation.java:162)
at org.openqa.selenium.remote.ElementLocation.findElement(ElementLocation.java:60)
at org.openqa.selenium.remote.RemoteWebDriver.findElement(RemoteWebDriver.java:365)
at org.openqa.selenium.remote.RemoteWebDriver.findElement(RemoteWebDriver.java:357)
at org.bd.bikroy.bikroyhome.Mobile(bikroyhome.java:203)
at java.base/jdk.internal.reflect.NativeMethodAccessorImpl.invoke0(Native Method)
at java.base/jdk.internal.reflect.NativeMethodAccessorImpl.invoke(NativeMethodAccessorImpl.java:77)
at java.base/jdk.internal.reflect.DelegatingMethodAccessorImpl.invoke(DelegatingMethodAccessorImpl.java:43)
at java.base/java.lang.reflect.Method.invoke(Method.java:568)
at org.testng.internal.MethodInvocationHelper.invokeMethod(MethodInvocationHelper.java:133)
at org.testng.internal.TestInvoker.invokeMethod(TestInvoker.java:598)
at org.testng.internal.TestInvoker.invokeTestMethod(TestInvoker.java:173)
at org.testng.internal.MethodRunner.runInSequence(MethodRunner.java:46)
at org.testng.internal.TestInvoker$MethodInvocationAgent.invoke(TestInvoker.java:824)
at org.testng.internal.TestInvoker.invokeTestMethods(TestInvoker.java:146)
at org.testng.internal.TestMethodWorker.invokeTestMethods(TestMethodWorker.java:146)
at org.testng.internal.TestMethodWorker.run(TestMethodWorker.java:128)
at java.base/java.util.ArrayList.forEach(ArrayList.java:1511)
at org.testng.TestRunner.privateRun(TestRunner.java:794)
at org.testng.TestRunner.run(TestRunner.java:596)
at org.testng.SuiteRunner.runTest(SuiteRunner.java:377)
at org.testng.SuiteRunner.runSequentially(SuiteRunner.java:371)
at org.testng.SuiteRunner.privateRun(SuiteRunner.java:332)
at org.testng.SuiteRunner.run(SuiteRunner.java:276)
at org.testng.SuiteRunnerWorker.runSuite(SuiteRunnerWorker.java:53)
at org.testng.SuiteRunnerWorker.run(SuiteRunnerWorker.java:96)
at org.testng.TestNG.runSuitesSequentially(TestNG.java:1212)
at org.testng.TestNG.runSuitesLocally(TestNG.java:1134)
at org.testng.TestNG.runSuites(TestNG.java:1063)
at org.testng.TestNG.run(TestNG.java:1031)
at org.testng.remote.AbstractRemoteTestNG.run(AbstractRemoteTestNG.java:115)
at org.testng.remote.RemoteTestNG.initAndRun(RemoteTestNG.java:251)
at org.testng.remote.RemoteTestNG.main(RemoteTestNG.java:77)
]]>
            </full-stacktrace>
          </exception> <!-- org.openqa.selenium.NoSuchElementException -->
          <reporter-output>
          </reporter-output>
        </test-method> <!-- Mobile -->
        <test-method is-config="true" signature="stop()[pri:0, instance:org.bd.bikroy.bikroyhome@659499f1]" started-at="2022-09-01T15:23:46 BDT" name="stop" finished-at="2022-09-01T15:23:46 BDT" duration-ms="186" status="PASS">
          <reporter-output>
          </reporter-output>
        </test-method> <!-- stop -->
      </class> <!-- org.bd.bikroy.bikroyhome -->
    </test> <!-- Default test -->
  </suite> <!-- Default suite -->
</testng-results>
