<?xml version="1.0" encoding="UTF-8"?>
<!-- Generated by org.testng.reporters.JUnitXMLReporter -->
<testsuite ignored="0" hostname="DESKTOP-K3MHIRS" failures="2" tests="17" name="Default test" time="109.483" errors="0" timestamp="2022-09-01T15:23:46 BDT">
  <testcase classname="org.bd.bikroy.bikroyhome" name="openurl" time="11.075"/>
  <testcase classname="org.bd.bikroy.bikroyhome" name="login" time="5.101"/>
  <testcase classname="org.bd.bikroy.bikroyhome" name="loginemail" time="5.063"/>
  <testcase classname="org.bd.bikroy.bikroyhome" name="loginnfo" time="5.19"/>
  <testcase classname="org.bd.bikroy.bikroyhome" name="loginbutton" time="5.127"/>
  <testcase classname="org.bd.bikroy.bikroyhome" name="locationbtn" time="5.098"/>
  <testcase classname="org.bd.bikroy.bikroyhome" name="locationslct" time="5.093"/>
  <testcase classname="org.bd.bikroy.bikroyhome" name="locationclose" time="3.053"/>
  <testcase classname="org.bd.bikroy.bikroyhome" name="searchproduct" time="5.085"/>
  <testcase classname="org.bd.bikroy.bikroyhome" name="searchbutton" time="8.46"/>
  <testcase classname="org.bd.bikroy.bikroyhome" name="selectproduct" time="6.755"/>
  <testcase classname="org.bd.bikroy.bikroyhome" name="Productview" time="9.156"/>
  <testcase classname="org.bd.bikroy.bikroyhome" name="productslide" time="24.321"/>
  <testcase classname="org.bd.bikroy.bikroyhome" name="productchat" time="7.769"/>
  <testcase classname="org.bd.bikroy.bikroyhome" name="chatclose" time="3.076"/>
  <testcase classname="org.bd.bikroy.bikroyhome" name="bikroyhomeurl" time="0.016">
    <failure type="org.openqa.selenium.NoSuchElementException" message="no such element: Unable to locate element: {&amp;quot;method&amp;quot;:&amp;quot;css selector&amp;quot;,&amp;quot;selector&amp;quot;:&amp;quot;body.bgwhite:nth-child(2) div.container--3Gaei.all nav.nav--1qSMY.background--2lR9B div.justify-content-space-between--bjSys.align-items-center--159cZ.flex-wrap-nowrap--3IpfJ.flex-direction-row--27fh1.flex--3fKk1 ul.nav-bar-list--201Xv:nth-child(1) li.ghana-web-logo--2b3y_ div.logo-container--3W5L5 &amp;gt; a.gtm-market-logo&amp;quot;}
  (Session info: MicrosoftEdge=104.0.1293.70)
For documentation on this error, please visit: https://selenium.dev/exceptions/#no_such_element
Build info: version: &amp;apos;4.4.0&amp;apos;, revision: &amp;apos;e5c75ed026a&amp;apos;
System info: host: &amp;apos;DESKTOP-K3MHIRS&amp;apos;, ip: &amp;apos;192.168.56.1&amp;apos;, os.name: &amp;apos;Windows 11&amp;apos;, os.arch: &amp;apos;amd64&amp;apos;, os.version: &amp;apos;10.0&amp;apos;, java.version: &amp;apos;17.0.3&amp;apos;
Driver info: org.openqa.selenium.edge.EdgeDriver
Command: [a89421e54191e520292170732d370a2b, findElement {using=css selector, value=body.bgwhite:nth-child(2) div.container--3Gaei.all nav.nav--1qSMY.background--2lR9B div.justify-content-space-between--bjSys.align-items-center--159cZ.flex-wrap-nowrap--3IpfJ.flex-direction-row--27fh1.flex--3fKk1 ul.nav-bar-list--201Xv:nth-child(1) li.ghana-web-logo--2b3y_ div.logo-container--3W5L5 &amp;gt; a.gtm-market-logo}]
Capabilities {acceptInsecureCerts: false, browserName: msedge, browserVersion: 104.0.1293.70, ms:edgeOptions: {debuggerAddress: localhost:50613}, msedge: {msedgedriverVersion: 104.0.1293.70 (6709c341bd06..., userDataDir: C:\Users\SABBIR~1\AppData\L...}, networkConnectionEnabled: false, pageLoadStrategy: normal, platformName: WINDOWS, proxy: Proxy(), se:cdp: ws://localhost:50613/devtoo..., se:cdpVersion: 104.0.1293.70, setWindowRect: true, strictFileInteractability: false, timeouts: {implicit: 0, pageLoad: 300000, script: 30000}, unhandledPromptBehavior: dismiss and notify, webauthn:extension:credBlob: true, webauthn:extension:largeBlob: true, webauthn:virtualAuthenticators: true}
Session ID: a89421e54191e520292170732d370a2b">
      <![CDATA[org.openqa.selenium.NoSuchElementException: no such element: Unable to locate element: {"method":"css selector","selector":"body.bgwhite:nth-child(2) div.container--3Gaei.all nav.nav--1qSMY.background--2lR9B div.justify-content-space-between--bjSys.align-items-center--159cZ.flex-wrap-nowrap--3IpfJ.flex-direction-row--27fh1.flex--3fKk1 ul.nav-bar-list--201Xv:nth-child(1) li.ghana-web-logo--2b3y_ div.logo-container--3W5L5 > a.gtm-market-logo"}
  (Session info: MicrosoftEdge=104.0.1293.70)
For documentation on this error, please visit: https://selenium.dev/exceptions/#no_such_element
Build info: version: '4.4.0', revision: 'e5c75ed026a'
System info: host: 'DESKTOP-K3MHIRS', ip: '192.168.56.1', os.name: 'Windows 11', os.arch: 'amd64', os.version: '10.0', java.version: '17.0.3'
Driver info: org.openqa.selenium.edge.EdgeDriver
Command: [a89421e54191e520292170732d370a2b, findElement {using=css selector, value=body.bgwhite:nth-child(2) div.container--3Gaei.all nav.nav--1qSMY.background--2lR9B div.justify-content-space-between--bjSys.align-items-center--159cZ.flex-wrap-nowrap--3IpfJ.flex-direction-row--27fh1.flex--3fKk1 ul.nav-bar-list--201Xv:nth-child(1) li.ghana-web-logo--2b3y_ div.logo-container--3W5L5 > a.gtm-market-logo}]
Capabilities {acceptInsecureCerts: false, browserName: msedge, browserVersion: 104.0.1293.70, ms:edgeOptions: {debuggerAddress: localhost:50613}, msedge: {msedgedriverVersion: 104.0.1293.70 (6709c341bd06..., userDataDir: C:\Users\SABBIR~1\AppData\L...}, networkConnectionEnabled: false, pageLoadStrategy: normal, platformName: WINDOWS, proxy: Proxy(), se:cdp: ws://localhost:50613/devtoo..., se:cdpVersion: 104.0.1293.70, setWindowRect: true, strictFileInteractability: false, timeouts: {implicit: 0, pageLoad: 300000, script: 30000}, unhandledPromptBehavior: dismiss and notify, webauthn:extension:credBlob: true, webauthn:extension:largeBlob: true, webauthn:virtualAuthenticators: true}
Session ID: a89421e54191e520292170732d370a2b
at java.base/jdk.internal.reflect.NativeConstructorAccessorImpl.newInstance0(Native Method)
at java.base/jdk.internal.reflect.NativeConstructorAccessorImpl.newInstance(NativeConstructorAccessorImpl.java:77)
at java.base/jdk.internal.reflect.DelegatingConstructorAccessorImpl.newInstance(DelegatingConstructorAccessorImpl.java:45)
at java.base/java.lang.reflect.Constructor.newInstanceWithCaller(Constructor.java:499)
at java.base/java.lang.reflect.Constructor.newInstance(Constructor.java:480)
at org.openqa.selenium.remote.codec.w3c.W3CHttpResponseCodec.createException(W3CHttpResponseCodec.java:200)
at org.openqa.selenium.remote.codec.w3c.W3CHttpResponseCodec.decode(W3CHttpResponseCodec.java:133)
at org.openqa.selenium.remote.codec.w3c.W3CHttpResponseCodec.decode(W3CHttpResponseCodec.java:53)
at org.openqa.selenium.remote.HttpCommandExecutor.execute(HttpCommandExecutor.java:184)
at org.openqa.selenium.remote.service.DriverCommandExecutor.invokeExecute(DriverCommandExecutor.java:167)
at org.openqa.selenium.remote.service.DriverCommandExecutor.execute(DriverCommandExecutor.java:142)
at org.openqa.selenium.remote.RemoteWebDriver.execute(RemoteWebDriver.java:547)
at org.openqa.selenium.remote.ElementLocation$ElementFinder$2.findElement(ElementLocation.java:162)
at org.openqa.selenium.remote.ElementLocation.findElement(ElementLocation.java:60)
at org.openqa.selenium.remote.RemoteWebDriver.findElement(RemoteWebDriver.java:365)
at org.openqa.selenium.remote.RemoteWebDriver.findElement(RemoteWebDriver.java:357)
at org.bd.bikroy.bikroyhome.bikroyhomeurl(bikroyhome.java:190)
at java.base/jdk.internal.reflect.NativeMethodAccessorImpl.invoke0(Native Method)
at java.base/jdk.internal.reflect.NativeMethodAccessorImpl.invoke(NativeMethodAccessorImpl.java:77)
at java.base/jdk.internal.reflect.DelegatingMethodAccessorImpl.invoke(DelegatingMethodAccessorImpl.java:43)
at java.base/java.lang.reflect.Method.invoke(Method.java:568)
at org.testng.internal.MethodInvocationHelper.invokeMethod(MethodInvocationHelper.java:133)
at org.testng.internal.TestInvoker.invokeMethod(TestInvoker.java:598)
at org.testng.internal.TestInvoker.invokeTestMethod(TestInvoker.java:173)
at org.testng.internal.MethodRunner.runInSequence(MethodRunner.java:46)
at org.testng.internal.TestInvoker$MethodInvocationAgent.invoke(TestInvoker.java:824)
at org.testng.internal.TestInvoker.invokeTestMethods(TestInvoker.java:146)
at org.testng.internal.TestMethodWorker.invokeTestMethods(TestMethodWorker.java:146)
at org.testng.internal.TestMethodWorker.run(TestMethodWorker.java:128)
at java.base/java.util.ArrayList.forEach(ArrayList.java:1511)
at org.testng.TestRunner.privateRun(TestRunner.java:794)
at org.testng.TestRunner.run(TestRunner.java:596)
at org.testng.SuiteRunner.runTest(SuiteRunner.java:377)
at org.testng.SuiteRunner.runSequentially(SuiteRunner.java:371)
at org.testng.SuiteRunner.privateRun(SuiteRunner.java:332)
at org.testng.SuiteRunner.run(SuiteRunner.java:276)
at org.testng.SuiteRunnerWorker.runSuite(SuiteRunnerWorker.java:53)
at org.testng.SuiteRunnerWorker.run(SuiteRunnerWorker.java:96)
at org.testng.TestNG.runSuitesSequentially(TestNG.java:1212)
at org.testng.TestNG.runSuitesLocally(TestNG.java:1134)
at org.testng.TestNG.runSuites(TestNG.java:1063)
at org.testng.TestNG.run(TestNG.java:1031)
at org.testng.remote.AbstractRemoteTestNG.run(AbstractRemoteTestNG.java:115)
at org.testng.remote.RemoteTestNG.initAndRun(RemoteTestNG.java:251)
at org.testng.remote.RemoteTestNG.main(RemoteTestNG.java:77)
]]>
    </failure>
  </testcase> <!-- bikroyhomeurl -->
  <testcase classname="org.bd.bikroy.bikroyhome" name="Mobile" time="0.016">
    <failure type="org.openqa.selenium.NoSuchElementException" message="no such element: Unable to locate element: {&amp;quot;method&amp;quot;:&amp;quot;css selector&amp;quot;,&amp;quot;selector&amp;quot;:&amp;quot;body.bgwhite:nth-child(2) div.top-container--12FJu.all.justify-content-flex-start--1Xozy.align-items-normal--vaTgD.flex-wrap-nowrap--3IpfJ.flex-direction-column--3aExp.flex--3fKk1 div.desktop-max-width-container--3xntY.main-content-area--o-zsx.skeleton-content--2JN5q:nth-child(3) div.section--3qPXi.category-container--1RreD:nth-child(3) ul.category-list--2oS_W.right--WcHqY.left--2ndlm.hide-native-scrollbar--Nj_rv li.category-item--1h1A1:nth-child(1) a.link--1t8hM.gtm-home-category-link-click div.info--uF0qH &amp;gt; p.info-title--3CkVD&amp;quot;}
  (Session info: MicrosoftEdge=104.0.1293.70)
For documentation on this error, please visit: https://selenium.dev/exceptions/#no_such_element
Build info: version: &amp;apos;4.4.0&amp;apos;, revision: &amp;apos;e5c75ed026a&amp;apos;
System info: host: &amp;apos;DESKTOP-K3MHIRS&amp;apos;, ip: &amp;apos;192.168.56.1&amp;apos;, os.name: &amp;apos;Windows 11&amp;apos;, os.arch: &amp;apos;amd64&amp;apos;, os.version: &amp;apos;10.0&amp;apos;, java.version: &amp;apos;17.0.3&amp;apos;
Driver info: org.openqa.selenium.edge.EdgeDriver
Command: [a89421e54191e520292170732d370a2b, findElement {using=css selector, value=body.bgwhite:nth-child(2) div.top-container--12FJu.all.justify-content-flex-start--1Xozy.align-items-normal--vaTgD.flex-wrap-nowrap--3IpfJ.flex-direction-column--3aExp.flex--3fKk1 div.desktop-max-width-container--3xntY.main-content-area--o-zsx.skeleton-content--2JN5q:nth-child(3) div.section--3qPXi.category-container--1RreD:nth-child(3) ul.category-list--2oS_W.right--WcHqY.left--2ndlm.hide-native-scrollbar--Nj_rv li.category-item--1h1A1:nth-child(1) a.link--1t8hM.gtm-home-category-link-click div.info--uF0qH &amp;gt; p.info-title--3CkVD}]
Capabilities {acceptInsecureCerts: false, browserName: msedge, browserVersion: 104.0.1293.70, ms:edgeOptions: {debuggerAddress: localhost:50613}, msedge: {msedgedriverVersion: 104.0.1293.70 (6709c341bd06..., userDataDir: C:\Users\SABBIR~1\AppData\L...}, networkConnectionEnabled: false, pageLoadStrategy: normal, platformName: WINDOWS, proxy: Proxy(), se:cdp: ws://localhost:50613/devtoo..., se:cdpVersion: 104.0.1293.70, setWindowRect: true, strictFileInteractability: false, timeouts: {implicit: 0, pageLoad: 300000, script: 30000}, unhandledPromptBehavior: dismiss and notify, webauthn:extension:credBlob: true, webauthn:extension:largeBlob: true, webauthn:virtualAuthenticators: true}
Session ID: a89421e54191e520292170732d370a2b">
      <![CDATA[org.openqa.selenium.NoSuchElementException: no such element: Unable to locate element: {"method":"css selector","selector":"body.bgwhite:nth-child(2) div.top-container--12FJu.all.justify-content-flex-start--1Xozy.align-items-normal--vaTgD.flex-wrap-nowrap--3IpfJ.flex-direction-column--3aExp.flex--3fKk1 div.desktop-max-width-container--3xntY.main-content-area--o-zsx.skeleton-content--2JN5q:nth-child(3) div.section--3qPXi.category-container--1RreD:nth-child(3) ul.category-list--2oS_W.right--WcHqY.left--2ndlm.hide-native-scrollbar--Nj_rv li.category-item--1h1A1:nth-child(1) a.link--1t8hM.gtm-home-category-link-click div.info--uF0qH > p.info-title--3CkVD"}
  (Session info: MicrosoftEdge=104.0.1293.70)
For documentation on this error, please visit: https://selenium.dev/exceptions/#no_such_element
Build info: version: '4.4.0', revision: 'e5c75ed026a'
System info: host: 'DESKTOP-K3MHIRS', ip: '192.168.56.1', os.name: 'Windows 11', os.arch: 'amd64', os.version: '10.0', java.version: '17.0.3'
Driver info: org.openqa.selenium.edge.EdgeDriver
Command: [a89421e54191e520292170732d370a2b, findElement {using=css selector, value=body.bgwhite:nth-child(2) div.top-container--12FJu.all.justify-content-flex-start--1Xozy.align-items-normal--vaTgD.flex-wrap-nowrap--3IpfJ.flex-direction-column--3aExp.flex--3fKk1 div.desktop-max-width-container--3xntY.main-content-area--o-zsx.skeleton-content--2JN5q:nth-child(3) div.section--3qPXi.category-container--1RreD:nth-child(3) ul.category-list--2oS_W.right--WcHqY.left--2ndlm.hide-native-scrollbar--Nj_rv li.category-item--1h1A1:nth-child(1) a.link--1t8hM.gtm-home-category-link-click div.info--uF0qH > p.info-title--3CkVD}]
Capabilities {acceptInsecureCerts: false, browserName: msedge, browserVersion: 104.0.1293.70, ms:edgeOptions: {debuggerAddress: localhost:50613}, msedge: {msedgedriverVersion: 104.0.1293.70 (6709c341bd06..., userDataDir: C:\Users\SABBIR~1\AppData\L...}, networkConnectionEnabled: false, pageLoadStrategy: normal, platformName: WINDOWS, proxy: Proxy(), se:cdp: ws://localhost:50613/devtoo..., se:cdpVersion: 104.0.1293.70, setWindowRect: true, strictFileInteractability: false, timeouts: {implicit: 0, pageLoad: 300000, script: 30000}, unhandledPromptBehavior: dismiss and notify, webauthn:extension:credBlob: true, webauthn:extension:largeBlob: true, webauthn:virtualAuthenticators: true}
Session ID: a89421e54191e520292170732d370a2b
at java.base/jdk.internal.reflect.NativeConstructorAccessorImpl.newInstance0(Native Method)
at java.base/jdk.internal.reflect.NativeConstructorAccessorImpl.newInstance(NativeConstructorAccessorImpl.java:77)
at java.base/jdk.internal.reflect.DelegatingConstructorAccessorImpl.newInstance(DelegatingConstructorAccessorImpl.java:45)
at java.base/java.lang.reflect.Constructor.newInstanceWithCaller(Constructor.java:499)
at java.base/java.lang.reflect.Constructor.newInstance(Constructor.java:480)
at org.openqa.selenium.remote.codec.w3c.W3CHttpResponseCodec.createException(W3CHttpResponseCodec.java:200)
at org.openqa.selenium.remote.codec.w3c.W3CHttpResponseCodec.decode(W3CHttpResponseCodec.java:133)
at org.openqa.selenium.remote.codec.w3c.W3CHttpResponseCodec.decode(W3CHttpResponseCodec.java:53)
at org.openqa.selenium.remote.HttpCommandExecutor.execute(HttpCommandExecutor.java:184)
at org.openqa.selenium.remote.service.DriverCommandExecutor.invokeExecute(DriverCommandExecutor.java:167)
at org.openqa.selenium.remote.service.DriverCommandExecutor.execute(DriverCommandExecutor.java:142)
at org.openqa.selenium.remote.RemoteWebDriver.execute(RemoteWebDriver.java:547)
at org.openqa.selenium.remote.ElementLocation$ElementFinder$2.findElement(ElementLocation.java:162)
at org.openqa.selenium.remote.ElementLocation.findElement(ElementLocation.java:60)
at org.openqa.selenium.remote.RemoteWebDriver.findElement(RemoteWebDriver.java:365)
at org.openqa.selenium.remote.RemoteWebDriver.findElement(RemoteWebDriver.java:357)
at org.bd.bikroy.bikroyhome.Mobile(bikroyhome.java:203)
at java.base/jdk.internal.reflect.NativeMethodAccessorImpl.invoke0(Native Method)
at java.base/jdk.internal.reflect.NativeMethodAccessorImpl.invoke(NativeMethodAccessorImpl.java:77)
at java.base/jdk.internal.reflect.DelegatingMethodAccessorImpl.invoke(DelegatingMethodAccessorImpl.java:43)
at java.base/java.lang.reflect.Method.invoke(Method.java:568)
at org.testng.internal.MethodInvocationHelper.invokeMethod(MethodInvocationHelper.java:133)
at org.testng.internal.TestInvoker.invokeMethod(TestInvoker.java:598)
at org.testng.internal.TestInvoker.invokeTestMethod(TestInvoker.java:173)
at org.testng.internal.MethodRunner.runInSequence(MethodRunner.java:46)
at org.testng.internal.TestInvoker$MethodInvocationAgent.invoke(TestInvoker.java:824)
at org.testng.internal.TestInvoker.invokeTestMethods(TestInvoker.java:146)
at org.testng.internal.TestMethodWorker.invokeTestMethods(TestMethodWorker.java:146)
at org.testng.internal.TestMethodWorker.run(TestMethodWorker.java:128)
at java.base/java.util.ArrayList.forEach(ArrayList.java:1511)
at org.testng.TestRunner.privateRun(TestRunner.java:794)
at org.testng.TestRunner.run(TestRunner.java:596)
at org.testng.SuiteRunner.runTest(SuiteRunner.java:377)
at org.testng.SuiteRunner.runSequentially(SuiteRunner.java:371)
at org.testng.SuiteRunner.privateRun(SuiteRunner.java:332)
at org.testng.SuiteRunner.run(SuiteRunner.java:276)
at org.testng.SuiteRunnerWorker.runSuite(SuiteRunnerWorker.java:53)
at org.testng.SuiteRunnerWorker.run(SuiteRunnerWorker.java:96)
at org.testng.TestNG.runSuitesSequentially(TestNG.java:1212)
at org.testng.TestNG.runSuitesLocally(TestNG.java:1134)
at org.testng.TestNG.runSuites(TestNG.java:1063)
at org.testng.TestNG.run(TestNG.java:1031)
at org.testng.remote.AbstractRemoteTestNG.run(AbstractRemoteTestNG.java:115)
at org.testng.remote.RemoteTestNG.initAndRun(RemoteTestNG.java:251)
at org.testng.remote.RemoteTestNG.main(RemoteTestNG.java:77)
]]>
    </failure>
  </testcase> <!-- Mobile -->
</testsuite> <!-- Default test -->
